<?xml version="1.0" encoding="UTF-8"?><testsuite errors="0" failures="1" name="in.reqres.reqresinfo.UsersCRUDTest" skipped="0" tests="6" time="4.72" timestamp="2022-06-06T23:17:08.007+01:00[Europe/London]"><testcase classname="in.reqres.reqresinfo.UsersCRUDTest" name="This will create a user"/><testcase classname="in.reqres.reqresinfo.UsersCRUDTest" name="Verify is User is added or not"><failure message="&#10;Expected: map containing [ANYTHING-&gt;&quot;morpheus34868&quot;]&#10;     but: map was [&lt;data={last_name=Fields, id=10, avatar=https://reqres.in/img/faces/10-image.jpg, first_name=Byron, email=byron.fields@reqres.in}&gt;, &lt;support={text=To keep ReqRes free, contributions towards server costs are appreciated!, url=https://reqres.in/#support-heading}&gt;]" type="java.lang.AssertionError">
Expected: map containing [ANYTHING-&gt;"morpheus34868"]
     but: map was [&lt;data={last_name=Fields, id=10, avatar=https://reqres.in/img/faces/10-image.jpg, first_name=Byron, email=byron.fields@reqres.in}&gt;, &lt;support={text=To keep ReqRes free, contributions towards server costs are appreciated!, url=https://reqres.in/#support-heading}&gt;]</failure><system-err>
Expected: map containing [ANYTHING-&gt;"morpheus34868"]
     but: map was [&lt;data={last_name=Fields, id=10, avatar=https://reqres.in/img/faces/10-image.jpg, first_name=Byron, email=byron.fields@reqres.in}&gt;, &lt;support={text=To keep ReqRes free, contributions towards server costs are appreciated!, url=https://reqres.in/#support-heading}&gt;]&#13;
in.reqres.reqresinfo.UsersCRUDTest.test002(UsersCRUDTest.java:43)&#13;
</system-err></testcase><testcase classname="in.reqres.reqresinfo.UsersCRUDTest" name="This will login a user"/><testcase classname="in.reqres.reqresinfo.UsersCRUDTest" name="This will update a user by PUT"/><testcase classname="in.reqres.reqresinfo.UsersCRUDTest" name="This will update a user by Patch"/><testcase classname="in.reqres.reqresinfo.UsersCRUDTest" name="This will update a user by Patch"/></testsuite>